<?xml version="1.0" encoding="UTF-8"?>
<testng-results skipped="0" failed="0" ignored="0" total="1" passed="1">
  <reporter-output>
  </reporter-output>
  <suite name="Default suite" duration-ms="64" started-at="2020-06-21T14:23:18Z" finished-at="2020-06-21T14:23:18Z">
    <groups>
    </groups>
    <test name="Default test" duration-ms="64" started-at="2020-06-21T14:23:18Z" finished-at="2020-06-21T14:23:18Z">
      <class name="elementPath.General">
        <test-method status="PASS" signature="method1()[pri:0, instance:elementPath.General@66a3ffec]" name="method1" duration-ms="18" started-at="2020-06-21T19:53:18Z" finished-at="2020-06-21T19:53:18Z">
          <reporter-output>
          </reporter-output>
        </test-method> <!-- method1 -->
      </class> <!-- elementPath.General -->
    </test> <!-- Default test -->
  </suite> <!-- Default suite -->
</testng-results>
